This is pdfTeX, Version 3.1415926-2.4-1.40.13 (MiKTeX 2.9) (preloaded format=pdflatex 2013.1.24)  17 APR 2014 03:23
entering extended mode
**CB_writeup.tex
("Z:\My Documents\GitHub\writeup\CB_writeup.tex"
LaTeX2e <2011/06/27>
Babel <v3.8m> and hyphenation patterns for english, afrikaans, ancientgreek, ar
abic, armenian, assamese, basque, bengali, bokmal, bulgarian, catalan, coptic, 
croatian, czech, danish, dutch, esperanto, estonian, farsi, finnish, french, ga
lician, german, german-x-2012-05-30, greek, gujarati, hindi, hungarian, iceland
ic, indonesian, interlingua, irish, italian, kannada, kurmanji, latin, latvian,
 lithuanian, malayalam, marathi, mongolian, mongolianlmc, monogreek, ngerman, n
german-x-2012-05-30, nynorsk, oriya, panjabi, pinyin, polish, portuguese, roman
ian, russian, sanskrit, serbian, slovak, slovenian, spanish, swedish, swissgerm
an, tamil, telugu, turkish, turkmen, ukenglish, ukrainian, uppersorbian, usengl
ishmax, welsh, loaded.
("Z:\Installed Applications\MiKTeX\tex\latex\base\article.cls"
Document Class: article 2007/10/19 v1.4h Standard LaTeX document class
("Z:\Installed Applications\MiKTeX\tex\latex\base\size10.clo"
File: size10.clo 2007/10/19 v1.4h Standard LaTeX file (size option)
)
\c@part=\count79
\c@section=\count80
\c@subsection=\count81
\c@subsubsection=\count82
\c@paragraph=\count83
\c@subparagraph=\count84
\c@figure=\count85
\c@table=\count86
\abovecaptionskip=\skip41
\belowcaptionskip=\skip42
\bibindent=\dimen102
)
("Z:\Installed Applications\MiKTeX\tex\latex\graphics\graphicx.sty"
Package: graphicx 1999/02/16 v1.0f Enhanced LaTeX Graphics (DPC,SPQR)

("Z:\Installed Applications\MiKTeX\tex\latex\graphics\keyval.sty"
Package: keyval 1999/03/16 v1.13 key=value parser (DPC)
\KV@toks@=\toks14
)
("Z:\Installed Applications\MiKTeX\tex\latex\graphics\graphics.sty"
Package: graphics 2009/02/05 v1.0o Standard LaTeX Graphics (DPC,SPQR)

("Z:\Installed Applications\MiKTeX\tex\latex\graphics\trig.sty"
Package: trig 1999/03/16 v1.09 sin cos tan (DPC)
)
("Z:\Installed Applications\MiKTeX\tex\latex\00miktex\graphics.cfg"
File: graphics.cfg 2007/01/18 v1.5 graphics configuration of teTeX/TeXLive
)
Package graphics Info: Driver file: pdftex.def on input line 91.

("Z:\Installed Applications\MiKTeX\tex\latex\pdftex-def\pdftex.def"
File: pdftex.def 2011/05/27 v0.06d Graphics/color for pdfTeX

("Z:\Installed Applications\MiKTeX\tex\generic\oberdiek\infwarerr.sty"
Package: infwarerr 2010/04/08 v1.3 Providing info/warning/error messages (HO)
)
("Z:\Installed Applications\MiKTeX\tex\generic\oberdiek\ltxcmds.sty"
Package: ltxcmds 2011/11/09 v1.22 LaTeX kernel commands for general use (HO)
)
\Gread@gobject=\count87
))
\Gin@req@height=\dimen103
\Gin@req@width=\dimen104
)
("Z:\Installed Applications\MiKTeX\tex\latex\graphics\color.sty"
Package: color 2005/11/14 v1.0j Standard LaTeX Color (DPC)

("Z:\Installed Applications\MiKTeX\tex\latex\00miktex\color.cfg"
File: color.cfg 2007/01/18 v1.5 color configuration of teTeX/TeXLive
)
Package color Info: Driver file: pdftex.def on input line 130.
)
("Z:\My Documents\GitHub\writeup\framed.sty"
Package: framed 2011/10/22 v 0.96: framed or shaded text with page breaks
\OuterFrameSep=\skip43
\fb@frw=\dimen105
\fb@frh=\dimen106
\FrameRule=\dimen107
\FrameSep=\dimen108
)
("Z:\Installed Applications\MiKTeX\tex\latex\base\alltt.sty"
Package: alltt 1997/06/16 v2.0g defines alltt environment
)
("Z:\Installed Applications\MiKTeX\tex\latex\ltxmisc\url.sty"
\Urlmuskip=\muskip10
Package: url 2006/04/12  ver 3.3  Verb mode for urls, etc.
)
("Z:\Installed Applications\MiKTeX\tex\latex\ams\math\amsmath.sty"
Package: amsmath 2000/07/18 v2.13 AMS math features
\@mathmargin=\skip44

For additional information on amsmath, use the `?' option.
("Z:\Installed Applications\MiKTeX\tex\latex\ams\math\amstext.sty"
Package: amstext 2000/06/29 v2.01

("Z:\Installed Applications\MiKTeX\tex\latex\ams\math\amsgen.sty"
File: amsgen.sty 1999/11/30 v2.0
\@emptytoks=\toks15
\ex@=\dimen109
))
("Z:\Installed Applications\MiKTeX\tex\latex\ams\math\amsbsy.sty"
Package: amsbsy 1999/11/29 v1.2d
\pmbraise@=\dimen110
)
("Z:\Installed Applications\MiKTeX\tex\latex\ams\math\amsopn.sty"
Package: amsopn 1999/12/14 v2.01 operator names
)
\inf@bad=\count88
LaTeX Info: Redefining \frac on input line 211.
\uproot@=\count89
\leftroot@=\count90
LaTeX Info: Redefining \overline on input line 307.
\classnum@=\count91
\DOTSCASE@=\count92
LaTeX Info: Redefining \ldots on input line 379.
LaTeX Info: Redefining \dots on input line 382.
LaTeX Info: Redefining \cdots on input line 467.
\Mathstrutbox@=\box26
\strutbox@=\box27
\big@size=\dimen111
LaTeX Font Info:    Redeclaring font encoding OML on input line 567.
LaTeX Font Info:    Redeclaring font encoding OMS on input line 568.
\macc@depth=\count93
\c@MaxMatrixCols=\count94
\dotsspace@=\muskip11
\c@parentequation=\count95
\dspbrk@lvl=\count96
\tag@help=\toks16
\row@=\count97
\column@=\count98
\maxfields@=\count99
\andhelp@=\toks17
\eqnshift@=\dimen112
\alignsep@=\dimen113
\tagshift@=\dimen114
\tagwidth@=\dimen115
\totwidth@=\dimen116
\lineht@=\dimen117
\@envbody=\toks18
\multlinegap=\skip45
\multlinetaggap=\skip46
\mathdisplay@stack=\toks19
LaTeX Info: Redefining \[ on input line 2666.
LaTeX Info: Redefining \] on input line 2667.
)
("Z:\Installed Applications\MiKTeX\tex\latex\amsfonts\amsfonts.sty"
Package: amsfonts 2009/06/22 v3.00 Basic AMSFonts support
\symAMSa=\mathgroup4
\symAMSb=\mathgroup5
LaTeX Font Info:    Overwriting math alphabet `\mathfrak' in version `bold'
(Font)                  U/euf/m/n --> U/euf/b/n on input line 96.
)
("Z:\Installed Applications\MiKTeX\tex\latex\biblatex\biblatex.sty"
Package: biblatex 2013/11/25 v2.8a programmable bibliographies (PK/JW/AB)

("Z:\Installed Applications\MiKTeX\tex\latex\biblatex\biblatex1.sty"
Package: biblatex1 2013/11/25 v2.8a programmable bibliographies (bibtex) (PK/JW
/AB)

("Z:\Installed Applications\MiKTeX\tex\latex\etoolbox\etoolbox.sty"
Package: etoolbox 2011/01/03 v2.1 e-TeX tools for LaTeX

("Z:\Installed Applications\MiKTeX\tex\latex\misc\etex.sty"
Package: etex 1998/03/26 v2.0 eTeX basic definition package (PEB)
\et@xins=\count100
)
\etb@tempcnta=\count101
)
("Z:\Installed Applications\MiKTeX\tex\latex\logreq\logreq.sty"
Package: logreq 2010/08/04 v1.0 xml request logger
\lrq@indent=\count102

("Z:\Installed Applications\MiKTeX\tex\latex\logreq\logreq.def"
File: logreq.def 2010/08/04 v1.0 logreq spec v1.0
))
("Z:\Installed Applications\MiKTeX\tex\latex\base\ifthen.sty"
Package: ifthen 2001/05/26 v1.1c Standard LaTeX ifthen package (DPC)
)
\c@tabx@nest=\count103
\c@listtotal=\count104
\c@listcount=\count105
\c@liststart=\count106
\c@liststop=\count107
\c@citecount=\count108
\c@citetotal=\count109
\c@multicitecount=\count110
\c@multicitetotal=\count111
\c@instcount=\count112
\c@maxnames=\count113
\c@minnames=\count114
\c@maxitems=\count115
\c@minitems=\count116
\c@citecounter=\count117
\c@savedcitecounter=\count118
\c@uniquelist=\count119
\c@uniquename=\count120
\c@refsection=\count121
\c@refsegment=\count122
\c@maxextrayear=\count123
\c@maxextraalpha=\count124
\c@abbrvpenalty=\count125
\c@highnamepenalty=\count126
\c@lownamepenalty=\count127
\c@maxparens=\count128
\c@parenlevel=\count129
\blx@tempcnta=\count130
\blx@tempcntb=\count131
\blx@tempcntc=\count132
\blx@maxsection=\count133
\blx@maxsegment=\count134
\blx@notetype=\count135
\blx@parenlevel@text=\count136
\blx@parenlevel@foot=\count137
\labelnumberwidth=\skip47
\labelalphawidth=\skip48
\shorthandwidth=\skip49
\biblabelsep=\skip50
\bibitemsep=\skip51
\bibnamesep=\skip52
\bibinitsep=\skip53
\bibparsep=\skip54
\bibhang=\skip55
\blx@auxin=\read1
\blx@auxout=\write3
\c@mincomprange=\count138
\c@maxcomprange=\count139
\c@mincompwidth=\count140
\c@labelname=\count141
\c@savedlabelname=\count142
\c@author=\count143
\c@savedauthor=\count144
\c@shortauthor=\count145
\c@savedshortauthor=\count146
\c@editor=\count147
\c@savededitor=\count148
\c@editora=\count149
\c@savededitora=\count150
\c@editorb=\count151
\c@savededitorb=\count152
\c@editorc=\count153
\c@savededitorc=\count154
\c@shorteditor=\count155
\c@savedshorteditor=\count156
\c@bookauthor=\count157
\c@savedbookauthor=\count158
\c@translator=\count159
\c@savedtranslator=\count160
\c@annotator=\count161
\c@savedannotator=\count162
\c@commentator=\count163
\c@savedcommentator=\count164
\c@introduction=\count165
\c@savedintroduction=\count166
\c@foreword=\count167
\c@savedforeword=\count168
\c@afterword=\count169
\c@savedafterword=\count170
\c@holder=\count171
\c@savedholder=\count172
\c@namea=\count173
\c@savednamea=\count174
\c@nameb=\count175
\c@savednameb=\count176
\c@namec=\count177
\c@savednamec=\count178
\c@institution=\count179
\c@savedinstitution=\count180
\c@language=\count181
\c@savedlanguage=\count182
\c@location=\count183
\c@savedlocation=\count184
\c@organization=\count185
\c@savedorganization=\count186
\c@origlocation=\count187
\c@savedoriglocation=\count188
\c@origpublisher=\count189
\c@savedorigpublisher=\count190
\c@pageref=\count191
\c@savedpageref=\count192
\c@publisher=\count193
\c@savedpublisher=\count194
\c@lista=\count195
\c@savedlista=\count196
\c@listb=\count197
\c@savedlistb=\count198
\c@listc=\count199
\c@savedlistc=\count200
\c@listd=\count201
\c@savedlistd=\count202
\c@liste=\count203
\c@savedliste=\count204
\c@listf=\count205
\c@savedlistf=\count206
Package biblatex Info: Trying to load compatibility code...
Package biblatex Info: ... file 'blx-compat.def' found.

("Z:\Installed Applications\MiKTeX\tex\latex\biblatex\blx-compat.def"
File: blx-compat.def 2013/11/25 v2.8a biblatex compatibility (PK/JW/AB)
)
Package biblatex Info: Trying to load generic definitions...
Package biblatex Info: ... file 'biblatex.def' found.

("Z:\Installed Applications\MiKTeX\tex\latex\biblatex\biblatex.def"
File: biblatex.def 
\c@textcitecount=\count207
\c@textcitetotal=\count208
\c@textcitemaxnames=\count209
\c@biburlnumpenalty=\count210
\c@biburlucpenalty=\count211
\c@biburllcpenalty=\count212
\c@smartand=\count213
)
Package biblatex Info: Trying to load natbib compatibility...
Package biblatex Info: ... file 'blx-natbib.def' found.

("Z:\Installed Applications\MiKTeX\tex\latex\biblatex\blx-natbib.def"
File: blx-natbib.def 2013/11/25 v2.8a biblatex compatibility (PK/JW/AB)
)
Package biblatex Info: Trying to load bibliography style 'numeric'...
Package biblatex Info: ... file 'numeric.bbx' found.

("Z:\Installed Applications\MiKTeX\tex\latex\biblatex\bbx\numeric.bbx"
File: numeric.bbx 2013/11/25 v2.8a biblatex bibliography style (PK/JW/AB)
Package biblatex Info: Trying to load bibliography style 'standard'...
Package biblatex Info: ... file 'standard.bbx' found.

("Z:\Installed Applications\MiKTeX\tex\latex\biblatex\bbx\standard.bbx"
File: standard.bbx 2013/11/25 v2.8a biblatex bibliography style (PK/JW/AB)
\c@bbx:relatedcount=\count214
\c@bbx:relatedtotal=\count215
))
Package biblatex Info: Trying to load citation style 'numeric'...
Package biblatex Info: ... file 'numeric.cbx' found.

("Z:\Installed Applications\MiKTeX\tex\latex\biblatex\cbx\numeric.cbx"
File: numeric.cbx 2013/11/25 v2.8a biblatex citation style (PK/JW/AB)
Package biblatex Info: Redefining '\cite'.
Package biblatex Info: Redefining '\parencite'.
Package biblatex Info: Redefining '\footcite'.
Package biblatex Info: Redefining '\footcitetext'.
Package biblatex Info: Redefining '\smartcite'.
Package biblatex Info: Redefining '\supercite'.
Package biblatex Info: Redefining '\textcite'.
Package biblatex Info: Redefining '\textcites'.
Package biblatex Info: Redefining '\cites'.
Package biblatex Info: Redefining '\parencites'.
Package biblatex Info: Redefining '\smartcites'.
)
Package biblatex Info: Trying to load configuration file...
Package biblatex Info: ... file 'biblatex.cfg' found.

("Z:\Installed Applications\MiKTeX\tex\latex\biblatex\biblatex.cfg"
File: biblatex.cfg 
)))
("Z:\Installed Applications\MiKTeX\tex\latex\geometry\geometry.sty"
Package: geometry 2010/09/12 v5.6 Page Geometry

("Z:\Installed Applications\MiKTeX\tex\generic\oberdiek\ifpdf.sty"
Package: ifpdf 2011/01/30 v2.3 Provides the ifpdf switch (HO)
Package ifpdf Info: pdfTeX in PDF mode is detected.
)
("Z:\Installed Applications\MiKTeX\tex\generic\oberdiek\ifvtex.sty"
Package: ifvtex 2010/03/01 v1.5 Detect VTeX and its facilities (HO)
Package ifvtex Info: VTeX not detected.
)
("Z:\Installed Applications\MiKTeX\tex\generic\ifxetex\ifxetex.sty"
Package: ifxetex 2010/09/12 v0.6 Provides ifxetex conditional
)
\Gm@cnth=\count216
\Gm@cntv=\count217
\c@Gm@tempcnt=\count218
\Gm@bindingoffset=\dimen118
\Gm@wd@mp=\dimen119
\Gm@odd@mp=\dimen120
\Gm@even@mp=\dimen121
\Gm@layoutwidth=\dimen122
\Gm@layoutheight=\dimen123
\Gm@layouthoffset=\dimen124
\Gm@layoutvoffset=\dimen125
\Gm@dimlist=\toks20

("Z:\Installed Applications\MiKTeX\tex\latex\geometry\geometry.cfg"))
("Z:\Installed Applications\MiKTeX\tex\latex\upquote\upquote.sty"
Package: upquote 2012/04/19 v1.3 upright-quote and grave-accent glyphs in verba
tim
)
Package biblatex Info: Trying to load language 'english'...
Package biblatex Info: ... file 'english.lbx' found.

("Z:\Installed Applications\MiKTeX\tex\latex\biblatex\lbx\english.lbx"
File: english.lbx 2013/11/25 v2.8a biblatex localization (PK/JW/AB)
)
\@quotelevel=\count219
\@quotereset=\count220

("Z:\My Documents\GitHub\writeup\CB_writeup.aux")
LaTeX Font Info:    Checking defaults for OML/cmm/m/it on input line 64.
LaTeX Font Info:    ... okay on input line 64.
LaTeX Font Info:    Checking defaults for T1/cmr/m/n on input line 64.
LaTeX Font Info:    ... okay on input line 64.
LaTeX Font Info:    Checking defaults for OT1/cmr/m/n on input line 64.
LaTeX Font Info:    ... okay on input line 64.
LaTeX Font Info:    Checking defaults for OMS/cmsy/m/n on input line 64.
LaTeX Font Info:    ... okay on input line 64.
LaTeX Font Info:    Checking defaults for OMX/cmex/m/n on input line 64.
LaTeX Font Info:    ... okay on input line 64.
LaTeX Font Info:    Checking defaults for U/cmr/m/n on input line 64.
LaTeX Font Info:    ... okay on input line 64.

("Z:\Installed Applications\MiKTeX\tex\context\base\supp-pdf.mkii"
[Loading MPS to PDF converter (version 2006.09.02).]
\scratchcounter=\count221
\scratchdimen=\dimen126
\scratchbox=\box28
\nofMPsegments=\count222
\nofMParguments=\count223
\everyMPshowfont=\toks21
\MPscratchCnt=\count224
\MPscratchDim=\dimen127
\MPnumerator=\count225
\makeMPintoPDFobject=\count226
\everyMPtoPDFconversion=\toks22
)
Package biblatex Info: No input encoding detected.
(biblatex)             Assuming 'ascii'.
Package biblatex Info: Automatic encoding selection.
(biblatex)             Assuming data encoding 'ascii'.
Package biblatex Info: Trying to load bibliographic data...
Package biblatex Info: ... file 'CB_writeup.bbl' found.
 ("Z:\My Documents\GitHub\writeup\CB_writeup.bbl")
Package biblatex Info: Reference section=0 on input line 64.
Package biblatex Info: Reference segment=0 on input line 64.

*geometry* driver: auto-detecting
*geometry* detected driver: pdftex
*geometry* verbose mode - [ preamble ] result:
* driver: pdftex
* paper: <default>
* layout: <same size as paper>
* layoutoffset:(h,v)=(0.0pt,0.0pt)
* modes: 
* h-part:(L,W,R)=(72.26999pt, 469.75502pt, 72.26999pt)
* v-part:(T,H,B)=(72.26999pt, 650.43001pt, 72.26999pt)
* \paperwidth=614.295pt
* \paperheight=794.96999pt
* \textwidth=469.75502pt
* \textheight=650.43001pt
* \oddsidemargin=0.0pt
* \evensidemargin=0.0pt
* \topmargin=-37.0pt
* \headheight=12.0pt
* \headsep=25.0pt
* \topskip=10.0pt
* \footskip=30.0pt
* \marginparwidth=65.0pt
* \marginparsep=11.0pt
* \columnsep=10.0pt
* \skip\footins=9.0pt plus 4.0pt minus 2.0pt
* \hoffset=0.0pt
* \voffset=0.0pt
* \mag=1000
* \@twocolumnfalse
* \@twosidefalse
* \@mparswitchfalse
* \@reversemarginfalse
* (1in=72.27pt=25.4mm, 1cm=28.453pt)

LaTeX Font Info:    Try loading font information for U+msa on input line 65.
("Z:\Installed Applications\MiKTeX\tex\latex\amsfonts\umsa.fd"
File: umsa.fd 2009/06/22 v3.00 AMS symbols A
)
LaTeX Font Info:    Try loading font information for U+msb on input line 65.

("Z:\Installed Applications\MiKTeX\tex\latex\amsfonts\umsb.fd"
File: umsb.fd 2009/06/22 v3.00 AMS symbols B
)
Underfull \hbox (badness 10000) in paragraph at lines 71--78

 []


Underfull \hbox (badness 10000) in paragraph at lines 71--78

 []


Underfull \hbox (badness 10000) in paragraph at lines 71--78

 []

[1

{C:/ProgramData/MiKTeX/2.9/pdftex/config/pdftex.map}] [2]
Underfull \hbox (badness 10000) in paragraph at lines 140--143

 []


Underfull \hbox (badness 10000) in paragraph at lines 140--143

 []


Underfull \hbox (badness 10000) in paragraph at lines 182--185

 []

[3]
Overfull \hbox (33.98445pt too wide) in paragraph at lines 202--205
\OT1/cmr/m/n/10 This JSON file spec-i-fies that cen-sus tract level ge-og-ra-ph
y al-ways re-quires a con-tain-ing state. The \OT1/cmtt/m/n/10 optionalWithWCFo
r
 []


Underfull \hbox (badness 10000) in paragraph at lines 202--205

 []

Package color Info: Redefining color shadecolor on input line 214.

LaTeX Warning: No positions in optional float specifier.
               Default added (so using `tbp') on input line 214.

<figure/state.pdf, id=17, 361.35pt x 216.81pt>
File: figure/state.pdf Graphic file (type pdf)
 <use figure/state.pdf>
Package pdftex.def Info: figure/state.pdf used on input line 217.
(pdftex.def)             Requested size: 361.34912pt x 216.80946pt.
 [4]
Underfull \hbox (badness 10000) in paragraph at lines 227--228

 []

Package color Info: Redefining color shadecolor on input line 230.

LaTeX Warning: No positions in optional float specifier.
               Default added (so using `tbp') on input line 230.

<figure/county.pdf, id=21, 361.35pt x 216.81pt>
File: figure/county.pdf Graphic file (type pdf)
 <use figure/county.pdf>
Package pdftex.def Info: figure/county.pdf used on input line 233.
(pdftex.def)             Requested size: 361.34912pt x 216.80946pt.
Package color Info: Redefining color shadecolor on input line 245.


LaTeX Warning: No positions in optional float specifier.
               Default added (so using `tbp') on input line 245.

<figure/censustractstate1.pdf, id=22, 505.89pt x 505.89pt>
File: figure/censustractstate1.pdf Graphic file (type pdf)

<use figure/censustractstate1.pdf>
Package pdftex.def Info: figure/censustractstate1.pdf used on input line 248.
(pdftex.def)             Requested size: 216.81pt x 216.81056pt.

<figure/censustractstate2.pdf, id=23, 505.89pt x 505.89pt>
File: figure/censustractstate2.pdf Graphic file (type pdf)

<use figure/censustractstate2.pdf>
Package pdftex.def Info: figure/censustractstate2.pdf used on input line 249.
(pdftex.def)             Requested size: 216.81pt x 216.81056pt.

Underfull \hbox (badness 10000) in paragraph at lines 259--266

 []


Underfull \hbox (badness 10000) in paragraph at lines 259--266

 []


Underfull \hbox (badness 10000) in paragraph at lines 259--266

 []


Underfull \hbox (badness 10000) in paragraph at lines 259--266

 []

[5 <Z:/My Documents/GitHub/writeup/figure/state.pdf>] [6 <Z:/My Documents/GitHu
b/writeup/figure/county.pdf> <Z:/My Documents/GitHub/writeup/figure/censustract
state1.pdf> <Z:/My Documents/GitHub/writeup/figure/censustractstate2.pdf>]
Package color Info: Redefining color shadecolor on input line 268.


LaTeX Warning: No positions in optional float specifier.
               Default added (so using `tbp') on input line 268.

<figure/iowa1.pdf, id=42, 505.89pt x 505.89pt>
File: figure/iowa1.pdf Graphic file (type pdf)
 <use figure/iowa1.pdf>
Package pdftex.def Info: figure/iowa1.pdf used on input line 271.
(pdftex.def)             Requested size: 216.81pt x 216.81056pt.

<figure/iowa2.pdf, id=43, 505.89pt x 505.89pt>
File: figure/iowa2.pdf Graphic file (type pdf)
 <use figure/iowa2.pdf>
Package pdftex.def Info: figure/iowa2.pdf used on input line 272.
(pdftex.def)             Requested size: 216.81pt x 216.81056pt.

<figure/iowa3.pdf, id=44, 505.89pt x 505.89pt>
File: figure/iowa3.pdf Graphic file (type pdf)
 <use figure/iowa3.pdf>
Package pdftex.def Info: figure/iowa3.pdf used on input line 273.
(pdftex.def)             Requested size: 216.81pt x 216.81056pt.

<figure/iowa4.pdf, id=45, 505.89pt x 505.89pt>
File: figure/iowa4.pdf Graphic file (type pdf)
 <use figure/iowa4.pdf>
Package pdftex.def Info: figure/iowa4.pdf used on input line 274.
(pdftex.def)             Requested size: 216.81pt x 216.81056pt.
 [7]
[8 <Z:/My Documents/GitHub/writeup/figure/iowa1.pdf> <Z:/My Documents/GitHub/wr
iteup/figure/iowa2.pdf> <Z:/My Documents/GitHub/writeup/figure/iowa3.pdf> <Z:/M
y Documents/GitHub/writeup/figure/iowa4.pdf>]
Underfull \hbox (badness 10000) in paragraph at lines 346--351

 []


Underfull \hbox (badness 10000) in paragraph at lines 346--351

 []

[9]
Underfull \hbox (badness 10000) in paragraph at lines 397--400

 []

[10]
Underfull \hbox (badness 10000) in paragraph at lines 412--415

 []


Underfull \hbox (badness 10000) in paragraph at lines 464--469

 []


Underfull \hbox (badness 10000) in paragraph at lines 464--469

 []


Underfull \hbox (badness 10000) in paragraph at lines 464--469

 []

[11] [12]
Underfull \hbox (badness 10000) in paragraph at lines 536--539

 []

Package color Info: Redefining color shadecolor on input line 547.

Underfull \hbox (badness 10000) in paragraph at lines 541--547

 []

LaTeX Font Info:    Font shape `OT1/cmtt/bx/n' in size <10> not available
(Font)              Font shape `OT1/cmtt/m/n' tried instead on input line 549.

Overfull \hbox (60.49036pt too wide) in paragraph at lines 563--563
[][]\OT1/cmtt/m/n/10 acsdat_by_race[] []=[] []ddply[][](acsdat,[] [].[][](Race)
, summarise,[] []insurance_pct[] []=[] []sum[][](HealthInsurance)[][]/[][]lengt
h[][](Race))[][] 
 []

[13]
Package color Info: Redefining color shadecolor on input line 580.

Overfull \hbox (112.9899pt too wide) in paragraph at lines 596--596
[]\OT1/cmtt/m/n/10 ##  [3] "Health Insurance Coverage Status by Age (White Alon
e): Under 18 years: With health insurance coverage"[] 
 []


Overfull \hbox (102.48999pt too wide) in paragraph at lines 596--596
[]\OT1/cmtt/m/n/10 ##  [4] "Health Insurance Coverage Status by Age (White Alon
e): Under 18 years: No health insurance coverage"[] 
 []


Overfull \hbox (112.9899pt too wide) in paragraph at lines 596--596
[]\OT1/cmtt/m/n/10 ##  [6] "Health Insurance Coverage Status by Age (White Alon
e): 18 to 64 years: With health insurance coverage"[] 
 []


Overfull \hbox (102.48999pt too wide) in paragraph at lines 596--596
[]\OT1/cmtt/m/n/10 ##  [7] "Health Insurance Coverage Status by Age (White Alon
e): 18 to 64 years: No health insurance coverage"[] 
 []


Overfull \hbox (128.73976pt too wide) in paragraph at lines 596--596
[]\OT1/cmtt/m/n/10 ##  [9] "Health Insurance Coverage Status by Age (White Alon
e): 65 years and over: With health insurance coverage"[] 
 []


Overfull \hbox (118.23985pt too wide) in paragraph at lines 596--596
[]\OT1/cmtt/m/n/10 ## [10] "Health Insurance Coverage Status by Age (White Alon
e): 65 years and over: No health insurance coverage"[] 
 []

LaTeX Font Info:    Try loading font information for OMS+cmtt on input line 599
.
(Z:/INSTAL~1/R-30~1.2/share/texmf/tex/latex\omscmtt.fd
File: omscmtt.fd 
)
LaTeX Font Info:    Font shape `OMS/cmtt/m/n' in size <10> not available
(Font)              Font shape `OMS/cmsy/m/n' tried instead on input line 599.
Package color Info: Redefining color shadecolor on input line 614.
Package color Info: Redefining color shadecolor on input line 626.

Overfull \hbox (107.73994pt too wide) in paragraph at lines 642--642
[][]\OT1/cmtt/m/n/10 acsdat_gender_race[] []=[] []ddply[][](acsdat,[] [].[][](R
ace, Sex), summarise,[] []insurance_pct[] []=[] []sum[][](HealthInsurance)[][]/
[][]length[][](Race))[][] 
 []

[14]
Underfull \hbox (badness 10000) in paragraph at lines 659--661

 []


Underfull \hbox (badness 10000) in paragraph at lines 659--661

 []


Underfull \hbox (badness 10000) in paragraph at lines 667--673

 []


Underfull \hbox (badness 10000) in paragraph at lines 667--673

 []

[15]
Package color Info: Redefining color shadecolor on input line 677.
 <figure/NY.pdf, id=100, 505.89pt x 505.89pt>
File: figure/NY.pdf Graphic file (type pdf)
 <use figure/NY.pdf>
Package pdftex.def Info: figure/NY.pdf used on input line 678.
(pdftex.def)             Requested size: 469.75502pt x 469.76265pt.
Package color Info: Redefining color shadecolor on input line 684.

<figure/test.pdf, id=101, 505.89pt x 505.89pt>
File: figure/test.pdf Graphic file (type pdf)
 <use figure/test.pdf>
Package pdftex.def Info: figure/test.pdf used on input line 685.
(pdftex.def)             Requested size: 469.75502pt x 469.76265pt.
 [16 <Z:/My Documents/GitHub/writeup/figure/NY.pdf>]
Underfull \hbox (badness 10000) in paragraph at lines 690--693

 []

[17 <Z:/My Documents/GitHub/writeup/figure/test.pdf>] [18]
("Z:\My Documents\GitHub\writeup\CB_writeup.aux")
Package logreq Info: Writing requests to 'CB_writeup.run.xml'.
 ) 
Here is how much of TeX's memory you used:
 7517 strings out of 493921
 119140 string characters out of 3145277
 297245 words of memory out of 3000000
 10707 multiletter control sequences out of 15000+200000
 12178 words of font info for 48 fonts, out of 3000000 for 9000
 841 hyphenation exceptions out of 8191
 37i,10n,56p,1200b,936s stack positions out of 5000i,500n,10000p,200000b,50000s
<Z:/Installed Applications/MiKTeX/fonts/type1/public/amsfonts/cm/cmbx12.pfb><
Z:/Installed Applications/MiKTeX/fonts/type1/public/amsfonts/cm/cmcsc10.pfb><Z:
/Installed Applications/MiKTeX/fonts/type1/public/amsfonts/cm/cmex10.pfb><Z:/In
stalled Applications/MiKTeX/fonts/type1/public/amsfonts/cm/cmitt10.pfb><Z:/Inst
alled Applications/MiKTeX/fonts/type1/public/amsfonts/cm/cmmi10.pfb><Z:/Install
ed Applications/MiKTeX/fonts/type1/public/amsfonts/cm/cmmi7.pfb><Z:/Installed A
pplications/MiKTeX/fonts/type1/public/amsfonts/cm/cmr10.pfb><Z:/Installed Appli
cations/MiKTeX/fonts/type1/public/amsfonts/cm/cmr12.pfb><Z:/Installed Applicati
ons/MiKTeX/fonts/type1/public/amsfonts/cm/cmr17.pfb><Z:/Installed Applications/
MiKTeX/fonts/type1/public/amsfonts/cm/cmr7.pfb><Z:/Installed Applications/MiKTe
X/fonts/type1/public/amsfonts/cm/cmsy10.pfb><Z:/Installed Applications/MiKTeX/f
onts/type1/public/amsfonts/cm/cmti10.pfb><Z:/Installed Applications/MiKTeX/font
s/type1/public/amsfonts/cm/cmtt10.pfb>
Output written on CB_writeup.pdf (18 pages, 6760012 bytes).
PDF statistics:
 164 PDF objects out of 1000 (max. 8388607)
 0 named destinations out of 1000 (max. 500000)
 51 words of extra memory for PDF output out of 10000 (max. 10000000)

