This is pdfTeX, Version 3.1415926-2.4-1.40.13 (MiKTeX 2.9) (preloaded format=pdftex 2014.3.24)  24 MAR 2014 21:46
entering extended mode
**Z:/My*Documents/GitHub/writeup/references.bib
("Z:/My Documents/GitHub/writeup/references.bib"
Overfull \hbox (230.27348pt too wide) in paragraph at lines 11--14
[]\tenrm URL = http://www.tandfonline.com/doi/abs/10.1080/09332480.2013.772392,
 eprint = http://www.tandfonline.com/doi/pdf/10.1080/09332480.2013.772392|

\hbox(7.5+2.5)x469.75499, glue set - 1.0
.\hbox(0.0+0.0)x20.0
.\tenrm U
.\tenrm R
.\tenrm L
.\glue 3.33333 plus 1.66498 minus 1.11221
.etc.


Underfull \hbox (badness 10000) in paragraph at lines 11--14


\hbox(0.0+0.0)x469.75499
.\glue(\rightskip) 0.0

)
*
! Emergency stop.
<*> Z:/My*Documents/GitHub/writeup/references.bib
                                                 
End of file on the terminal!

!  ==> Fatal error occurred, no output PDF file produced!
